\BOOKMARK [1][-]{section.1}{Pr\351sentation de l'entreprise : }{}% 1
\BOOKMARK [1][-]{section.2}{Analyse compl\350te d'Air France : }{}% 2
\BOOKMARK [2][-]{subsection.2.1}{Objectifs de l'entreprise : }{section.2}% 3
\BOOKMARK [2][-]{subsection.2.2}{Position de l'entreprise sur le march\351 : }{section.2}% 4
\BOOKMARK [2][-]{subsection.2.3}{Quelques chiffres d'Air France : }{section.2}% 5
\BOOKMARK [2][-]{subsection.2.4}{Service propos\351s par l'entreprise : }{section.2}% 6
\BOOKMARK [2][-]{subsection.2.5}{Formes de revenu et d\351penses :}{section.2}% 7
\BOOKMARK [3][-]{subsubsection.2.5.1}{Revenu :}{subsection.2.5}% 8
\BOOKMARK [3][-]{subsubsection.2.5.2}{D\351penses :}{subsection.2.5}% 9
\BOOKMARK [2][-]{subsection.2.6}{Information aidant la prise de d\351cision :}{section.2}% 10
\BOOKMARK [1][-]{section.3}{Q2 Les actions et op\351rations \340 tracer pour r\351cup\351rer ces informations. : }{}% 11
\BOOKMARK [1][-]{section.4}{Q3 Traitement possibles : }{}% 12
\BOOKMARK [1][-]{section.5}{Q4 Ordonnez les actions par ordre d\220importance / rentabilit\351 potentielle : }{}% 13
\BOOKMARK [1][-]{section.6}{Q5 Identifiez les deux actions / op\351rations les plus importantes \340 analyser : }{}% 14
\BOOKMARK [1][-]{section.7}{Q6 et Q7 Data-Mart}{}% 15
\BOOKMARK [2][-]{subsection.7.1}{Data-Mart ventes des billets}{section.7}% 16
\BOOKMARK [1][-]{section.8}{Q8 R\351ponses au traitements}{}% 17
\BOOKMARK [1][-]{section.9}{Q9 Exemple d'instance de l'Entrep\364t de donn\351es}{}% 18
\BOOKMARK [2][-]{subsection.9.1}{faits Ventes billets}{section.9}% 19
\BOOKMARK [2][-]{subsection.9.2}{Dimension date}{section.9}% 20
\BOOKMARK [2][-]{subsection.9.3}{Dimension HeureJour}{section.9}% 21
\BOOKMARK [2][-]{subsection.9.4}{Dimension A\351roport}{section.9}% 22
\BOOKMARK [2][-]{subsection.9.5}{Dimension Vol}{section.9}% 23
\BOOKMARK [2][-]{subsection.9.6}{Faits flotte d'avions}{section.9}% 24
\BOOKMARK [2][-]{subsection.9.7}{Dimension avion}{section.9}% 25
\BOOKMARK [1][-]{section.10}{Q10 Calcul de la taille du DataWarehouse}{}% 26
\BOOKMARK [1][-]{section.11}{Q11 Impl\351mentation}{}% 27
\BOOKMARK [1][-]{section.12}{Q12 Requ\352tes analytique}{}% 28
\BOOKMARK [1][-]{section.13}{Q13 Les vues materialis\351es}{}% 29
